<?xml version="1.0" encoding="UTF-8"?>
<!-- Generated by org.testng.reporters.JUnitReportReporter -->
<testsuite hostname="Munnas-MacBook-Pro.local" name="oAuth_Automation.BasicResponse" tests="1" failures="0" timestamp="15 Aug 2020 13:04:22 GMT" time="3.002" errors="0">
  <testcase name="ab" time="3.002" classname="oAuth_Automation.BasicResponse"/>
</testsuite> <!-- oAuth_Automation.BasicResponse -->
