<?xml version="1.0" encoding="UTF-8"?>
<!-- Generated by org.testng.reporters.JUnitReportReporter -->
<testsuite hostname="Munnas-MacBook-Pro.local" name="tripadvisor_getQuestion.createRequest" tests="1" failures="0" timestamp="11 Sep 2020 16:19:18 GMT" time="4.471" errors="0">
  <testcase name="generateRequest" time="4.471" classname="tripadvisor_getQuestion.createRequest"/>
</testsuite> <!-- tripadvisor_getQuestion.createRequest -->
