<?xml version="1.0" encoding="UTF-8"?>
<!-- Generated by org.testng.reporters.JUnitReportReporter -->
<testsuite hostname="Munnas-MacBook-Pro.local" name="tripadvisor_getQuestion.createRequest" tests="1" failures="0" timestamp="12 Sep 2020 12:14:56 GMT" time="9.853" errors="0">
  <testcase name="generateRequest" time="9.853" classname="tripadvisor_getQuestion.createRequest"/>
</testsuite> <!-- tripadvisor_getQuestion.createRequest -->
